
> medusa-2.0-boilerplate-backend@0.0.2 dev C:\Users\bhnas\OneDrive\Desktop\moaaz\vela\backend
> medusa develop

{
  "projectConfig": {
    "databaseUrl": "postgres://postgres:postgres@localhost:5433/medusa",
    "databaseLogging": false,
    "redisUrl": "redis://localhost:6379",
    "workerMode": "shared",
    "http": {
      "adminCors": "http://localhost:7000,http://localhost:7001,https://docs.medusajs.com",
      "authCors": "http://localhost:7000,http://localhost:7001,https://docs.medusajs.com",
      "storeCors": "http://localhost:8000,https://docs.medusajs.com",
      "jwtSecret": "supersecret",
      "cookieSecret": "supersecret"
    },
    "build": {
      "rollupOptions": {
        "external": [
          "@medusajs/dashboard",
          "@medusajs/admin-shared"
        ]
      }
    }
  },
  "admin": {
    "backendUrl": "http://localhost:9000",
    "disable": false
  },
  "modules": [
    {
      "key": "file",
      "resolve": "@medusajs/file",
      "options": {
        "providers": [
          {
            "resolve": "./src/modules/minio-file",
            "id": "minio",
            "options": {
              "endPoint": "http://localhost:9002",
              "accessKey": "minioadmin",
              "secretKey": "minioadmin",
              "bucket": "medusa-media"
            }
          }
        ]
      }
    },
    {
      "key": "event_bus",
      "resolve": "@medusajs/event-bus-redis",
      "options": {
        "redisUrl": "redis://localhost:6379"
      }
    },
    {
      "key": "workflows",
      "resolve": "@medusajs/workflow-engine-redis",
      "options": {
        "redis": {
          "url": "redis://localhost:6379"
        }
      }
    }
  ],
  "plugins": []
}
[32minfo[39m:    Watching filesystem to reload dev server on file change
{
  "projectConfig": {
    "databaseUrl": "postgres://postgres:postgres@localhost:5433/medusa",
    "databaseLogging": false,
    "redisUrl": "redis://localhost:6379",
    "workerMode": "shared",
    "http": {
      "adminCors": "http://localhost:7000,http://localhost:7001,https://docs.medusajs.com",
      "authCors": "http://localhost:7000,http://localhost:7001,https://docs.medusajs.com",
      "storeCors": "http://localhost:8000,https://docs.medusajs.com",
      "jwtSecret": "supersecret",
      "cookieSecret": "supersecret"
    },
    "build": {
      "rollupOptions": {
        "external": [
          "@medusajs/dashboard",
          "@medusajs/admin-shared"
        ]
      }
    }
  },
  "admin": {
    "backendUrl": "http://localhost:9000",
    "disable": false
  },
  "modules": [
    {
      "key": "file",
      "resolve": "@medusajs/file",
      "options": {
        "providers": [
          {
            "resolve": "./src/modules/minio-file",
            "id": "minio",
            "options": {
              "endPoint": "http://localhost:9002",
              "accessKey": "minioadmin",
              "secretKey": "minioadmin",
              "bucket": "medusa-media"
            }
          }
        ]
      }
    },
    {
      "key": "event_bus",
      "resolve": "@medusajs/event-bus-redis",
      "options": {
        "redisUrl": "redis://localhost:6379"
      }
    },
    {
      "key": "workflows",
      "resolve": "@medusajs/workflow-engine-redis",
      "options": {
        "redis": {
          "url": "redis://localhost:6379"
        }
      }
    }
  ],
  "plugins": []
}
- Creating server
[32minfo[39m:    No link to load from C:\Users\bhnas\OneDrive\Desktop\moaaz\vela\backend\node_modules\.pnpm\@medusajs+draft-order@2.12.1_@medusajs+admin-sdk@2.12.1_@medusajs+cli@2.12.1_@types+node@20.1_hk3eh3gtimpflbjcwnedpa6nmm\node_modules\@medusajs\draft-order\.medusa\server\src\links. skipped.
[32minfo[39m:    No link to load from C:\Users\bhnas\OneDrive\Desktop\moaaz\vela\backend\src\links. skipped.
[32minfo[39m:    Locking module: Using "in-memory" as default.
[32minfo[39m:    Connection to Redis in module 'event-bus-redis' established
[32minfo[39m:    [Workflow-engine-redis] Connection to Redis in module 'workflow-engine-redis' established
[32minfo[39m:    [Workflow-engine-redis] Connection to Redis PubSub in module 'workflow-engine-redis' established
[32minfo[39m:    MinIO service initialized with bucket: medusa-media, endpoint: localhost, port: 9002, SSL: false
[32minfo[39m:    No workflow to load from C:\Users\bhnas\OneDrive\Desktop\moaaz\vela\backend\node_modules\.pnpm\@medusajs+draft-order@2.12.1_@medusajs+admin-sdk@2.12.1_@medusajs+cli@2.12.1_@types+node@20.1_hk3eh3gtimpflbjcwnedpa6nmm\node_modules\@medusajs\draft-order\.medusa\server\src\workflows. skipped.
[32minfo[39m:    No subscriber to load from C:\Users\bhnas\OneDrive\Desktop\moaaz\vela\backend\node_modules\.pnpm\@medusajs+draft-order@2.12.1_@medusajs+admin-sdk@2.12.1_@medusajs+cli@2.12.1_@types+node@20.1_hk3eh3gtimpflbjcwnedpa6nmm\node_modules\@medusajs\draft-order\.medusa\server\src\subscribers. skipped.
[32minfo[39m:    No job to load from C:\Users\bhnas\OneDrive\Desktop\moaaz\vela\backend\node_modules\.pnpm\@medusajs+draft-order@2.12.1_@medusajs+admin-sdk@2.12.1_@medusajs+cli@2.12.1_@types+node@20.1_hk3eh3gtimpflbjcwnedpa6nmm\node_modules\@medusajs\draft-order\.medusa\server\src\jobs. skipped.
[32minfo[39m:    No job to load from C:\Users\bhnas\OneDrive\Desktop\moaaz\vela\backend\node_modules\.pnpm\@medusajs+medusa@2.12.1_@medusajs+admin-sdk@2.12.1_@medusajs+cli@2.12.1_@types+node@20.19.25__pjhyp6rlxcvgfy5f73gfbaovym\node_modules\@medusajs\medusa\dist\jobs. skipped.
[32minfo[39m:    Using existing bucket: medusa-media
[32minfo[39m:    Updated public read policy for existing bucket: medusa-media
✔ Server is ready on port: 9000 – 9701ms
[32minfo[39m:    Admin URL → http://localhost:9000/app
[32mhttp[39m:    GET /key-exchange ← - (200) - 16.641 ms
[32mhttp[39m:    GET /key-exchange ← - (200) - 4.564 ms
[32mhttp[39m:    GET /store/regions ← - (200) - 51.473 ms
[32mhttp[39m:    GET /store/collections?limit=3&offset=0 ← - (200) - 46.965 ms
[32mhttp[39m:    GET /store/collections?limit=6&offset=0 ← - (200) - 54.556 ms
[32mhttp[39m:    GET /store/regions ← - (200) - 62.969 ms
[32mhttp[39m:    GET /store/product-categories?limit=6&offset=0 ← - (200) - 39.145 ms
[32mhttp[39m:    GET /store/products?limit=12&offset=0&region_id=reg_01KEENXXBB3Q2F0S1PF6J5VP1S&fields=%2Avariants.calculated_price&collection_id%5B0%5D=pcol_01KEEQC8PEF83XQMMJAA1VV0BE ← - (200) - 229.103 ms
[32mhttp[39m:    GET /store/products?id%5B0%5D=prod_01KEENXXSA08EGWXZ5N91E05AY&region_id=reg_01KEENXXBB3Q2F0S1PF6J5VP1S&fields=%2Avariants.calculated_price%2C%2Bvariants.inventory_quantity ← - (200) - 281.811 ms
[32mhttp[39m:    GET /store/products?id%5B0%5D=prod_01KEENXXSAS78XBEZTEH99YYHE&region_id=reg_01KEENXXBB3Q2F0S1PF6J5VP1S&fields=%2Avariants.calculated_price%2C%2Bvariants.inventory_quantity ← - (200) - 276.179 ms
[32mhttp[39m:    GET /store/products?id%5B0%5D=prod_01KEENXXS9NY869MDMX2KZABSH&region_id=reg_01KEENXXBB3Q2F0S1PF6J5VP1S&fields=%2Avariants.calculated_price%2C%2Bvariants.inventory_quantity ← - (200) - 300.998 ms
[32mhttp[39m:    GET /store/products?id%5B0%5D=prod_01KEENXXSA6EHE50BA4ZN0NWBV&region_id=reg_01KEENXXBB3Q2F0S1PF6J5VP1S&fields=%2Avariants.calculated_price%2C%2Bvariants.inventory_quantity ← - (200) - 294.736 ms
