
> medusa-next@1.0.3 dev C:\Users\bhnas\OneDrive\Desktop\moaaz\vela\storefront
> npm run wait && npm run launcher dev


> medusa-next@1.0.3 wait
> await-backend

Waiting for a medusajs backend to be available on http://localhost:9000/key-exchange... Elapsed time: 0 seconds
Waiting for a medusajs backend to be available on http://localhost:9000/key-exchange... Elapsed time: 5 seconds
Waiting for a medusajs backend to be available on http://localhost:9000/key-exchange... Elapsed time: 10 seconds
Waiting for a medusajs backend to be available on http://localhost:9000/key-exchange... Elapsed time: 15 seconds
Backend is ready!
Backend is ready

> medusa-next@1.0.3 launcher
> launch-storefront dev

Initial NEXT_PUBLIC_MEDUSA_PUBLISHABLE_KEY: undefined
NEXT_PUBLIC_MEDUSA_PUBLISHABLE_KEY is not defined. Attempting to fetch...
Attempting to fetch Medusa publishable key...
Medusa key response: {
  publishableApiKey: 'pk_3d3c485b25d7b04ea05cd09b3ae93b28cf05725ce1040f8bb2001ba9af5d70e7'
}
Medusa publishable key fetched successfully.
Initial NEXT_PUBLIC_SEARCH_API_KEY: your_search_key_here
Running command: next dev -p 8000
 ⚠ Runtime config is deprecated and the `serverRuntimeConfig` configuration option will be removed in Next.js 16.
   ▲ Next.js 15.5.9
   - Local:        http://localhost:8000
   - Network:      http://192.168.1.126:8000
   - Environments: .env.local

 ✓ Starting...
 ✓ Ready in 3.5s
 ○ Compiling /middleware ...
 ✓ Compiled /middleware in 1166ms (123 modules)
 ○ Compiling /[countryCode] ...
 ✓ Compiled /[countryCode] in 24.3s (5434 modules)
 ✓ Compiled in 1316ms (1795 modules)
 ✓ Compiled in 249ms (1781 modules)
Initiating Medusa client with default headers:
 {
  "accept": "application/json",
  "content-type": "application/json",
  "x-publishable-api-key": "pk_3d3c485b25d7b04ea05cd09b3ae93b28cf05725ce1040f8bb2001ba9af5d70e7",
  "authorization": "<REDACTED>"
}

Initiating Medusa client with default headers:
 {
  "accept": "application/json",
  "content-type": "application/json",
  "x-publishable-api-key": "pk_3d3c485b25d7b04ea05cd09b3ae93b28cf05725ce1040f8bb2001ba9af5d70e7",
  "authorization": "<REDACTED>"
}

Performing request to:
 URL: http://localhost:9000/store/regions
 Headers: {
  "accept": "application/json",
  "content-type": "application/json",
  "next": "[object Object]",
  "x-publishable-api-key": "pk_3d3c485b25d7b04ea05cd09b3ae93b28cf05725ce1040f8bb2001ba9af5d70e7",
  "authorization": "<REDACTED>"
}

Performing request to:
 URL: http://localhost:9000/store/collections?limit=6&offset=0
 Headers: {
  "accept": "application/json",
  "content-type": "application/json",
  "next": "[object Object]",
  "x-publishable-api-key": "pk_3d3c485b25d7b04ea05cd09b3ae93b28cf05725ce1040f8bb2001ba9af5d70e7",
  "authorization": "<REDACTED>"
}

Performing request to:
 URL: http://localhost:9000/store/collections?limit=3&offset=0
 Headers: {
  "accept": "application/json",
  "content-type": "application/json",
  "next": "[object Object]",
  "x-publishable-api-key": "pk_3d3c485b25d7b04ea05cd09b3ae93b28cf05725ce1040f8bb2001ba9af5d70e7",
  "authorization": "<REDACTED>"
}

Received response with status 200

Received response with status 200

Performing request to:
 URL: http://localhost:9000/store/product-categories?limit=6&offset=0
 Headers: {
  "accept": "application/json",
  "content-type": "application/json",
  "next": "[object Object]",
  "x-publishable-api-key": "pk_3d3c485b25d7b04ea05cd09b3ae93b28cf05725ce1040f8bb2001ba9af5d70e7",
  "authorization": "<REDACTED>"
}

Received response with status 200

Performing request to:
 URL: http://localhost:9000/store/products?limit=12&offset=0&region_id=reg_01KEENXXBB3Q2F0S1PF6J5VP1S&fields=%2Avariants.calculated_price&collection_id%5B0%5D=pcol_01KEEQC8PEF83XQMMJAA1VV0BE
 Headers: {
  "accept": "application/json",
  "content-type": "application/json",
  "next": "[object Object]",
  "x-publishable-api-key": "pk_3d3c485b25d7b04ea05cd09b3ae93b28cf05725ce1040f8bb2001ba9af5d70e7",
  "authorization": "<REDACTED>"
}

Received response with status 200

Received response with status 200

Performing request to:
 URL: http://localhost:9000/store/products?id%5B0%5D=prod_01KEENXXS9NY869MDMX2KZABSH&region_id=reg_01KEENXXBB3Q2F0S1PF6J5VP1S&fields=%2Avariants.calculated_price%2C%2Bvariants.inventory_quantity
 Headers: {
  "accept": "application/json",
  "content-type": "application/json",
  "next": "[object Object]",
  "x-publishable-api-key": "pk_3d3c485b25d7b04ea05cd09b3ae93b28cf05725ce1040f8bb2001ba9af5d70e7",
  "authorization": "<REDACTED>"
}

Performing request to:
 URL: http://localhost:9000/store/products?id%5B0%5D=prod_01KEENXXSA08EGWXZ5N91E05AY&region_id=reg_01KEENXXBB3Q2F0S1PF6J5VP1S&fields=%2Avariants.calculated_price%2C%2Bvariants.inventory_quantity
 Headers: {
  "accept": "application/json",
  "content-type": "application/json",
  "next": "[object Object]",
  "x-publishable-api-key": "pk_3d3c485b25d7b04ea05cd09b3ae93b28cf05725ce1040f8bb2001ba9af5d70e7",
  "authorization": "<REDACTED>"
}

Performing request to:
 URL: http://localhost:9000/store/products?id%5B0%5D=prod_01KEENXXSA6EHE50BA4ZN0NWBV&region_id=reg_01KEENXXBB3Q2F0S1PF6J5VP1S&fields=%2Avariants.calculated_price%2C%2Bvariants.inventory_quantity
 Headers: {
  "accept": "application/json",
  "content-type": "application/json",
  "next": "[object Object]",
  "x-publishable-api-key": "pk_3d3c485b25d7b04ea05cd09b3ae93b28cf05725ce1040f8bb2001ba9af5d70e7",
  "authorization": "<REDACTED>"
}

Performing request to:
 URL: http://localhost:9000/store/products?id%5B0%5D=prod_01KEENXXSAS78XBEZTEH99YYHE&region_id=reg_01KEENXXBB3Q2F0S1PF6J5VP1S&fields=%2Avariants.calculated_price%2C%2Bvariants.inventory_quantity
 Headers: {
  "accept": "application/json",
  "content-type": "application/json",
  "next": "[object Object]",
  "x-publishable-api-key": "pk_3d3c485b25d7b04ea05cd09b3ae93b28cf05725ce1040f8bb2001ba9af5d70e7",
  "authorization": "<REDACTED>"
}

Received response with status 200

Received response with status 200

Received response with status 200

Received response with status 200

Image with src "https://medusa-public-images.s3.eu-west-1.amazonaws.com/sweatshirt-vintage-front.png" is using quality "50" which is not configured in images.qualities. This config will be required starting in Next.js 16.
Read more: https://nextjs.org/docs/messages/next-image-unconfigured-qualities
Image with src "https://medusa-public-images.s3.eu-west-1.amazonaws.com/shorts-vintage-front.png" is using quality "50" which is not configured in images.qualities. This config will be required starting in Next.js 16.
Read more: https://nextjs.org/docs/messages/next-image-unconfigured-qualities
Image with src "https://medusa-public-images.s3.eu-west-1.amazonaws.com/tee-black-front.png" is using quality "50" which is not configured in images.qualities. This config will be required starting in Next.js 16.
Read more: https://nextjs.org/docs/messages/next-image-unconfigured-qualities
Image with src "https://medusa-public-images.s3.eu-west-1.amazonaws.com/sweatpants-gray-front.png" is using quality "50" which is not configured in images.qualities. This config will be required starting in Next.js 16.
Read more: https://nextjs.org/docs/messages/next-image-unconfigured-qualities
 GET /dk 200 in 27978ms
